# JRE version: OpenJDK Runtime Environment Temurin-21.0.10+7 (21.0.10+7) (build 21.0.10+7-LTS)
# Java VM: OpenJDK 64-Bit Server VM Temurin-21.0.10+7 (21.0.10+7-LTS, mixed mode, sharing, tiered, compressed oops, compressed class ptrs, parallel gc, windows-amd64)
GC Precious Log:
 CardTable entry size: 512
 CPUs: 6 total, 6 available
 Memory: 3445M
 Large Page Support: Disabled
 NUMA Support: Disabled
 Compressed Oops: Enabled (32-bit)
 Alignments: Space 512K, Generation 512K, Heap 2M
 Heap Min Capacity: 100M
 Heap Initial Capacity: 100M
 Heap Max Capacity: 2G
 Pre-touch: Disabled
 Parallel Workers: 6
Heap:
 PSYoungGen      total 3584K, used 2103K [0x00000000d5580000, 0x00000000d5b80000, 0x0000000100000000)
  eden space 3072K, 62% used [0x00000000d5580000,0x00000000d575ddc8,0x00000000d5880000)
  from space 512K, 37% used [0x00000000d5a80000,0x00000000d5ab0000,0x00000000d5b00000)
  to   space 512K, 0% used [0x00000000d5b00000,0x00000000d5b00000,0x00000000d5b80000)
 ParOldGen       total 265216K, used 265118K [0x0000000080000000, 0x0000000090300000, 0x00000000d5580000)
  object space 265216K, 99% used [0x0000000080000000,0x00000000902e7820,0x0000000090300000)
 Metaspace       used 75237K, committed 76672K, reserved 1179648K
  class space    used 8003K, committed 8576K, reserved 1048576K
GC Heap History (20 events):
Event: 1980.372 GC heap before
{Heap before GC invocations=187 (full 3):
 PSYoungGen      total 3584K, used 3568K [0x00000000d5580000, 0x00000000d5b80000, 0x0000000100000000)
  eden space 3072K, 100% used [0x00000000d5580000,0x00000000d5880000,0x00000000d5880000)
  from space 512K, 96% used [0x00000000d5a80000,0x00000000d5afc030,0x00000000d5b00000)
  to   space 512K, 0% used [0x00000000d5b00000,0x00000000d5b00000,0x00000000d5b80000)
 ParOldGen       total 264192K, used 263797K [0x0000000080000000, 0x0000000090200000, 0x00000000d5580000)
  object space 264192K, 99% used [0x0000000080000000,0x000000009019d458,0x0000000090200000)
 Metaspace       used 72200K, committed 73664K, reserved 1179648K
  class space    used 7566K, committed 8192K, reserved 1048576K
}
Event: 1980.474 GC heap after
{Heap after GC invocations=187 (full 3):
 PSYoungGen      total 3584K, used 224K [0x00000000d5580000, 0x00000000d5b80000, 0x0000000100000000)
  eden space 3072K, 0% used [0x00000000d5580000,0x00000000d5580000,0x00000000d5880000)
  from space 512K, 43% used [0x00000000d5b00000,0x00000000d5b38000,0x00000000d5b80000)
  to   space 512K, 0% used [0x00000000d5a80000,0x00000000d5a80000,0x00000000d5b00000)
 ParOldGen       total 264704K, used 264236K [0x0000000080000000, 0x0000000090280000, 0x00000000d5580000)
  object space 264704K, 99% used [0x0000000080000000,0x000000009020b218,0x0000000090280000)
 Metaspace       used 72200K, committed 73664K, reserved 1179648K
  class space    used 7566K, committed 8192K, reserved 1048576K
}
Event: 1983.056 GC heap before
{Heap before GC invocations=188 (full 3):
 PSYoungGen      total 3584K, used 3286K [0x00000000d5580000, 0x00000000d5b80000, 0x0000000100000000)
  eden space 3072K, 99% used [0x00000000d5580000,0x00000000d587d848,0x00000000d5880000)
  from space 512K, 43% used [0x00000000d5b00000,0x00000000d5b38000,0x00000000d5b80000)
  to   space 512K, 0% used [0x00000000d5a80000,0x00000000d5a80000,0x00000000d5b00000)
 ParOldGen       total 264704K, used 264236K [0x0000000080000000, 0x0000000090280000, 0x00000000d5580000)
  object space 264704K, 99% used [0x0000000080000000,0x000000009020b218,0x0000000090280000)
 Metaspace       used 72507K, committed 73920K, reserved 1179648K
  class space    used 7615K, committed 8192K, reserved 1048576K
}
Event: 1983.065 GC heap after
{Heap after GC invocations=188 (full 3):
 PSYoungGen      total 3584K, used 319K [0x00000000d5580000, 0x00000000d5b80000, 0x0000000100000000)
  eden space 3072K, 0% used [0x00000000d5580000,0x00000000d5580000,0x00000000d5880000)
  from space 512K, 62% used [0x00000000d5a80000,0x00000000d5acffb0,0x00000000d5b00000)
  to   space 512K, 0% used [0x00000000d5b00000,0x00000000d5b00000,0x00000000d5b80000)
 ParOldGen       total 264704K, used 264332K [0x0000000080000000, 0x0000000090280000, 0x00000000d5580000)
  object space 264704K, 99% used [0x0000000080000000,0x0000000090223218,0x0000000090280000)
 Metaspace       used 72507K, committed 73920K, reserved 1179648K
  class space    used 7615K, committed 8192K, reserved 1048576K
}
Event: 1983.334 GC heap before
{Heap before GC invocations=189 (full 3):
 PSYoungGen      total 3584K, used 3356K [0x00000000d5580000, 0x00000000d5b80000, 0x0000000100000000)
  eden space 3072K, 98% used [0x00000000d5580000,0x00000000d58770d8,0x00000000d5880000)
  from space 512K, 62% used [0x00000000d5a80000,0x00000000d5acffb0,0x00000000d5b00000)
  to   space 512K, 0% used [0x00000000d5b00000,0x00000000d5b00000,0x00000000d5b80000)
 ParOldGen       total 264704K, used 264332K [0x0000000080000000, 0x0000000090280000, 0x00000000d5580000)
  object space 264704K, 99% used [0x0000000080000000,0x0000000090223218,0x0000000090280000)
 Metaspace       used 72961K, committed 74368K, reserved 1179648K
  class space    used 7655K, committed 8256K, reserved 1048576K
}
Event: 1983.336 GC heap after
{Heap after GC invocations=189 (full 3):
 PSYoungGen      total 3584K, used 420K [0x00000000d5580000, 0x00000000d5b80000, 0x0000000100000000)
  eden space 3072K, 0% used [0x00000000d5580000,0x00000000d5580000,0x00000000d5880000)
  from space 512K, 82% used [0x00000000d5b00000,0x00000000d5b693b8,0x00000000d5b80000)
  to   space 512K, 0% used [0x00000000d5a80000,0x00000000d5a80000,0x00000000d5b00000)
 ParOldGen       total 264704K, used 264525K [0x0000000080000000, 0x0000000090280000, 0x00000000d5580000)
  object space 264704K, 99% used [0x0000000080000000,0x00000000902537d0,0x0000000090280000)
 Metaspace       used 72961K, committed 74368K, reserved 1179648K
  class space    used 7655K, committed 8256K, reserved 1048576K
}
Event: 1983.381 GC heap before
{Heap before GC invocations=190 (full 3):
 PSYoungGen      total 3584K, used 3492K [0x00000000d5580000, 0x00000000d5b80000, 0x0000000100000000)
  eden space 3072K, 100% used [0x00000000d5580000,0x00000000d5880000,0x00000000d5880000)
  from space 512K, 82% used [0x00000000d5b00000,0x00000000d5b693b8,0x00000000d5b80000)
  to   space 512K, 0% used [0x00000000d5a80000,0x00000000d5a80000,0x00000000d5b00000)
 ParOldGen       total 264704K, used 264525K [0x0000000080000000, 0x0000000090280000, 0x00000000d5580000)
  object space 264704K, 99% used [0x0000000080000000,0x00000000902537d0,0x0000000090280000)
 Metaspace       used 73222K, committed 74624K, reserved 1179648K
  class space    used 7707K, committed 8320K, reserved 1048576K
}
Event: 1983.382 GC heap after
{Heap after GC invocations=190 (full 3):
 PSYoungGen      total 3584K, used 192K [0x00000000d5580000, 0x00000000d5b80000, 0x0000000100000000)
  eden space 3072K, 0% used [0x00000000d5580000,0x00000000d5580000,0x00000000d5880000)
  from space 512K, 37% used [0x00000000d5a80000,0x00000000d5ab0000,0x00000000d5b00000)
  to   space 512K, 0% used [0x00000000d5b00000,0x00000000d5b00000,0x00000000d5b80000)
 ParOldGen       total 264704K, used 264645K [0x0000000080000000, 0x0000000090280000, 0x00000000d5580000)
  object space 264704K, 99% used [0x0000000080000000,0x00000000902717f0,0x0000000090280000)
 Metaspace       used 73222K, committed 74624K, reserved 1179648K
  class space    used 7707K, committed 8320K, reserved 1048576K
}
Event: 1983.621 GC heap before
{Heap before GC invocations=191 (full 3):
 PSYoungGen      total 3584K, used 3263K [0x00000000d5580000, 0x00000000d5b80000, 0x0000000100000000)
  eden space 3072K, 99% used [0x00000000d5580000,0x00000000d587fff8,0x00000000d5880000)
  from space 512K, 37% used [0x00000000d5a80000,0x00000000d5ab0000,0x00000000d5b00000)
  to   space 512K, 0% used [0x00000000d5b00000,0x00000000d5b00000,0x00000000d5b80000)
 ParOldGen       total 264704K, used 264645K [0x0000000080000000, 0x0000000090280000, 0x00000000d5580000)
  object space 264704K, 99% used [0x0000000080000000,0x00000000902717f0,0x0000000090280000)
 Metaspace       used 73726K, committed 75136K, reserved 1179648K
  class space    used 7752K, committed 8320K, reserved 1048576K
}
Event: 1983.622 GC heap after
{Heap after GC invocations=191 (full 3):
 PSYoungGen      total 3584K, used 240K [0x00000000d5580000, 0x00000000d5b80000, 0x0000000100000000)
  eden space 3072K, 0% used [0x00000000d5580000,0x00000000d5580000,0x00000000d5880000)
  from space 512K, 46% used [0x00000000d5b00000,0x00000000d5b3c010,0x00000000d5b80000)
  to   space 512K, 0% used [0x00000000d5a80000,0x00000000d5a80000,0x00000000d5b00000)
 ParOldGen       total 264704K, used 264693K [0x0000000080000000, 0x0000000090280000, 0x00000000d5580000)
  object space 264704K, 99% used [0x0000000080000000,0x000000009027d7f0,0x0000000090280000)
 Metaspace       used 73726K, committed 75136K, reserved 1179648K
  class space    used 7752K, committed 8320K, reserved 1048576K
}
Event: 1983.681 GC heap before
{Heap before GC invocations=192 (full 3):
 PSYoungGen      total 3584K, used 3312K [0x00000000d5580000, 0x00000000d5b80000, 0x0000000100000000)
  eden space 3072K, 100% used [0x00000000d5580000,0x00000000d5880000,0x00000000d5880000)
  from space 512K, 46% used [0x00000000d5b00000,0x00000000d5b3c010,0x00000000d5b80000)
  to   space 512K, 0% used [0x00000000d5a80000,0x00000000d5a80000,0x00000000d5b00000)
 ParOldGen       total 264704K, used 264693K [0x0000000080000000, 0x0000000090280000, 0x00000000d5580000)
  object space 264704K, 99% used [0x0000000080000000,0x000000009027d7f0,0x0000000090280000)
 Metaspace       used 73965K, committed 75328K, reserved 1179648K
  class space    used 7812K, committed 8384K, reserved 1048576K
}
Event: 1983.682 GC heap after
{Heap after GC invocations=192 (full 3):
 PSYoungGen      total 3584K, used 224K [0x00000000d5580000, 0x00000000d5b80000, 0x0000000100000000)
  eden space 3072K, 0% used [0x00000000d5580000,0x00000000d5580000,0x00000000d5880000)
  from space 512K, 43% used [0x00000000d5a80000,0x00000000d5ab8000,0x00000000d5b00000)
  to   space 512K, 0% used [0x00000000d5b00000,0x00000000d5b00000,0x00000000d5b80000)
 ParOldGen       total 265216K, used 264790K [0x0000000080000000, 0x0000000090300000, 0x00000000d5580000)
  object space 265216K, 99% used [0x0000000080000000,0x0000000090295820,0x0000000090300000)
 Metaspace       used 73965K, committed 75328K, reserved 1179648K
  class space    used 7812K, committed 8384K, reserved 1048576K
}
Event: 1983.733 GC heap before
{Heap before GC invocations=193 (full 3):
 PSYoungGen      total 3584K, used 3296K [0x00000000d5580000, 0x00000000d5b80000, 0x0000000100000000)
  eden space 3072K, 100% used [0x00000000d5580000,0x00000000d5880000,0x00000000d5880000)
  from space 512K, 43% used [0x00000000d5a80000,0x00000000d5ab8000,0x00000000d5b00000)
  to   space 512K, 0% used [0x00000000d5b00000,0x00000000d5b00000,0x00000000d5b80000)
 ParOldGen       total 265216K, used 264790K [0x0000000080000000, 0x0000000090300000, 0x00000000d5580000)
  object space 265216K, 99% used [0x0000000080000000,0x0000000090295820,0x0000000090300000)
 Metaspace       used 74247K, committed 75648K, reserved 1179648K
  class space    used 7872K, committed 8448K, reserved 1048576K
}
Event: 1983.735 GC heap after
{Heap after GC invocations=193 (full 3):
 PSYoungGen      total 3584K, used 192K [0x00000000d5580000, 0x00000000d5b80000, 0x0000000100000000)
  eden space 3072K, 0% used [0x00000000d5580000,0x00000000d5580000,0x00000000d5880000)
  from space 512K, 37% used [0x00000000d5b00000,0x00000000d5b30000,0x00000000d5b80000)
  to   space 512K, 0% used [0x00000000d5a80000,0x00000000d5a80000,0x00000000d5b00000)
 ParOldGen       total 265216K, used 264846K [0x0000000080000000, 0x0000000090300000, 0x00000000d5580000)
  object space 265216K, 99% used [0x0000000080000000,0x00000000902a3820,0x0000000090300000)
 Metaspace       used 74247K, committed 75648K, reserved 1179648K
  class space    used 7872K, committed 8448K, reserved 1048576K
}
Event: 1983.799 GC heap before
{Heap before GC invocations=194 (full 3):
 PSYoungGen      total 3584K, used 3264K [0x00000000d5580000, 0x00000000d5b80000, 0x0000000100000000)
  eden space 3072K, 100% used [0x00000000d5580000,0x00000000d5880000,0x00000000d5880000)
  from space 512K, 37% used [0x00000000d5b00000,0x00000000d5b30000,0x00000000d5b80000)
  to   space 512K, 0% used [0x00000000d5a80000,0x00000000d5a80000,0x00000000d5b00000)
 ParOldGen       total 265216K, used 264846K [0x0000000080000000, 0x0000000090300000, 0x00000000d5580000)
  object space 265216K, 99% used [0x0000000080000000,0x00000000902a3820,0x0000000090300000)
 Metaspace       used 74573K, committed 75968K, reserved 1179648K
  class space    used 7927K, committed 8512K, reserved 1048576K
}
Event: 1983.801 GC heap after
{Heap after GC invocations=194 (full 3):
 PSYoungGen      total 3584K, used 160K [0x00000000d5580000, 0x00000000d5b80000, 0x0000000100000000)
  eden space 3072K, 0% used [0x00000000d5580000,0x00000000d5580000,0x00000000d5880000)
  from space 512K, 31% used [0x00000000d5a80000,0x00000000d5aa8000,0x00000000d5b00000)
  to   space 512K, 0% used [0x00000000d5b00000,0x00000000d5b00000,0x00000000d5b80000)
 ParOldGen       total 265216K, used 264910K [0x0000000080000000, 0x0000000090300000, 0x00000000d5580000)
  object space 265216K, 99% used [0x0000000080000000,0x00000000902b3820,0x0000000090300000)
 Metaspace       used 74573K, committed 75968K, reserved 1179648K
  class space    used 7927K, committed 8512K, reserved 1048576K
}
Event: 1986.074 GC heap before
{Heap before GC invocations=195 (full 3):
 PSYoungGen      total 3584K, used 3232K [0x00000000d5580000, 0x00000000d5b80000, 0x0000000100000000)
  eden space 3072K, 100% used [0x00000000d5580000,0x00000000d5880000,0x00000000d5880000)
  from space 512K, 31% used [0x00000000d5a80000,0x00000000d5aa8000,0x00000000d5b00000)
  to   space 512K, 0% used [0x00000000d5b00000,0x00000000d5b00000,0x00000000d5b80000)
 ParOldGen       total 265216K, used 264910K [0x0000000080000000, 0x0000000090300000, 0x00000000d5580000)
  object space 265216K, 99% used [0x0000000080000000,0x00000000902b3820,0x0000000090300000)
 Metaspace       used 74974K, committed 76416K, reserved 1179648K
  class space    used 7978K, committed 8576K, reserved 1048576K
}
Event: 1986.077 GC heap after
{Heap after GC invocations=195 (full 3):
 PSYoungGen      total 3584K, used 256K [0x00000000d5580000, 0x00000000d5b80000, 0x0000000100000000)
  eden space 3072K, 0% used [0x00000000d5580000,0x00000000d5580000,0x00000000d5880000)
  from space 512K, 50% used [0x00000000d5b00000,0x00000000d5b40000,0x00000000d5b80000)
  to   space 512K, 0% used [0x00000000d5a80000,0x00000000d5a80000,0x00000000d5b00000)
 ParOldGen       total 265216K, used 264974K [0x0000000080000000, 0x0000000090300000, 0x00000000d5580000)
  object space 265216K, 99% used [0x0000000080000000,0x00000000902c3820,0x0000000090300000)
 Metaspace       used 74974K, committed 76416K, reserved 1179648K
  class space    used 7978K, committed 8576K, reserved 1048576K
}
Event: 2011.355 GC heap before
{Heap before GC invocations=196 (full 3):
 PSYoungGen      total 3584K, used 3327K [0x00000000d5580000, 0x00000000d5b80000, 0x0000000100000000)
  eden space 3072K, 99% used [0x00000000d5580000,0x00000000d587ffd8,0x00000000d5880000)
  from space 512K, 50% used [0x00000000d5b00000,0x00000000d5b40000,0x00000000d5b80000)
  to   space 512K, 0% used [0x00000000d5a80000,0x00000000d5a80000,0x00000000d5b00000)
 ParOldGen       total 265216K, used 264974K [0x0000000080000000, 0x0000000090300000, 0x00000000d5580000)
  object space 265216K, 99% used [0x0000000080000000,0x00000000902c3820,0x0000000090300000)
 Metaspace       used 75215K, committed 76672K, reserved 1179648K
  class space    used 8003K, committed 8576K, reserved 1048576K
}
Event: 2011.363 GC heap after
{Heap after GC invocations=196 (full 3):
 PSYoungGen      total 3584K, used 192K [0x00000000d5580000, 0x00000000d5b80000, 0x0000000100000000)
  eden space 3072K, 0% used [0x00000000d5580000,0x00000000d5580000,0x00000000d5880000)
  from space 512K, 37% used [0x00000000d5a80000,0x00000000d5ab0000,0x00000000d5b00000)
  to   space 512K, 0% used [0x00000000d5b00000,0x00000000d5b00000,0x00000000d5b80000)
 ParOldGen       total 265216K, used 265118K [0x0000000080000000, 0x0000000090300000, 0x00000000d5580000)
  object space 265216K, 99% used [0x0000000080000000,0x00000000902e7820,0x0000000090300000)
 Metaspace       used 75215K, committed 76672K, reserved 1179648K
  class space    used 8003K, committed 8576K, reserved 1048576K
}

